<?xml version="1.0" encoding="UTF-8"?>
<testng-results skipped="0" failed="0" ignored="0" total="2" passed="2">
  <reporter-output>
  </reporter-output>
  <suite name="Default suite" duration-ms="50755" started-at="2020-01-01T11:25:19Z" finished-at="2020-01-01T11:26:10Z">
    <groups>
    </groups>
    <test name="Default test" duration-ms="50755" started-at="2020-01-01T11:25:19Z" finished-at="2020-01-01T11:26:10Z">
      <class name="orange.tests.LoginPageTest">
        <test-method status="PASS" signature="set()[pri:0, instance:orange.tests.LoginPageTest@28d25987]" name="set" is-config="true" duration-ms="17175" started-at="2020-01-01T16:55:19Z" finished-at="2020-01-01T16:55:37Z">
          <reporter-output>
          </reporter-output>
        </test-method> <!-- set -->
        <test-method status="PASS" signature="logintocrm()[pri:0, instance:orange.tests.LoginPageTest@28d25987]" name="logintocrm" duration-ms="11883" started-at="2020-01-01T16:55:37Z" finished-at="2020-01-01T16:55:49Z">
          <reporter-output>
          </reporter-output>
        </test-method> <!-- logintocrm -->
        <test-method status="PASS" signature="teardown()[pri:0, instance:orange.tests.LoginPageTest@28d25987]" name="teardown" is-config="true" duration-ms="1016" started-at="2020-01-01T16:55:49Z" finished-at="2020-01-01T16:55:50Z">
          <reporter-output>
          </reporter-output>
        </test-method> <!-- teardown -->
        <test-method status="PASS" signature="set()[pri:0, instance:orange.tests.LoginPageTest@28d25987]" name="set" is-config="true" duration-ms="15566" started-at="2020-01-01T16:55:50Z" finished-at="2020-01-01T16:56:05Z">
          <reporter-output>
          </reporter-output>
        </test-method> <!-- set -->
        <test-method status="PASS" signature="title()[pri:0, instance:orange.tests.LoginPageTest@28d25987]" name="title" duration-ms="4033" started-at="2020-01-01T16:56:05Z" finished-at="2020-01-01T16:56:09Z">
          <reporter-output>
          </reporter-output>
        </test-method> <!-- title -->
        <test-method status="PASS" signature="teardown()[pri:0, instance:orange.tests.LoginPageTest@28d25987]" name="teardown" is-config="true" duration-ms="1030" started-at="2020-01-01T16:56:09Z" finished-at="2020-01-01T16:56:10Z">
          <reporter-output>
          </reporter-output>
        </test-method> <!-- teardown -->
      </class> <!-- orange.tests.LoginPageTest -->
    </test> <!-- Default test -->
  </suite> <!-- Default suite -->
</testng-results>
